0 info it worked if it ends with ok
1 verbose cli [ '/opt/app/nodejs/bin/node',
1 verbose cli   '/usr/bin/npm',
1 verbose cli   'install',
1 verbose cli   'artTemplate',
1 verbose cli   '--save' ]
2 info using npm@1.2.18
3 info using node@v0.10.5
4 verbose node symlink /opt/app/nodejs/bin/node
5 verbose read json /data/yanwei/github/icframework/package.json
6 verbose read json /data/yanwei/github/icframework/node_modules/commander/package.json
7 verbose read json /data/yanwei/github/icframework/node_modules/consolidate/package.json
8 verbose read json /data/yanwei/github/icframework/node_modules/dustjs-helpers/package.json
9 verbose read json /data/yanwei/github/icframework/node_modules/dustjs-linkedin/package.json
10 verbose read json /data/yanwei/github/icframework/node_modules/express/package.json
11 verbose read json /data/yanwei/github/icframework/node_modules/express-validator/package.json
12 verbose read json /data/yanwei/github/icframework/node_modules/iconv/package.json
13 verbose read json /data/yanwei/github/icframework/node_modules/memwatch/package.json
14 verbose read json /data/yanwei/github/icframework/node_modules/msgpack/package.json
15 verbose read json /data/yanwei/github/icframework/node_modules/node-gearman/package.json
16 verbose read json /data/yanwei/github/icframework/node_modules/printf/package.json
17 verbose read json /data/yanwei/github/icframework/node_modules/semver/package.json
18 verbose read json /data/yanwei/github/icframework/node_modules/swig/package.json
19 verbose read json /data/yanwei/github/icframework/node_modules/utilities/package.json
20 verbose read json /data/yanwei/github/icframework/node_modules/watch/package.json
21 verbose read json /data/yanwei/github/icframework/node_modules/winston/package.json
22 verbose from cache /data/yanwei/github/icframework/package.json
23 verbose readDependencies using package.json deps
24 verbose cache add [ 'artTemplate', null ]
25 verbose cache add name=undefined spec="artTemplate" args=["artTemplate",null]
26 verbose parsed url { protocol: null,
26 verbose parsed url   slashes: null,
26 verbose parsed url   auth: null,
26 verbose parsed url   host: null,
26 verbose parsed url   port: null,
26 verbose parsed url   hostname: null,
26 verbose parsed url   hash: null,
26 verbose parsed url   search: null,
26 verbose parsed url   query: null,
26 verbose parsed url   pathname: 'artTemplate',
26 verbose parsed url   path: 'artTemplate',
26 verbose parsed url   href: 'artTemplate' }
27 silly lockFile fa71a2fa-artTemplate artTemplate
28 verbose lock artTemplate /data/yanwei/.npm/fa71a2fa-artTemplate.lock
29 silly lockFile fa71a2fa-artTemplate artTemplate
30 silly lockFile fa71a2fa-artTemplate artTemplate
31 verbose addNamed [ 'artTemplate', '' ]
32 verbose addNamed [ null, '' ]
33 silly lockFile 0a0a19f4-artTemplate artTemplate@
34 verbose lock artTemplate@ /data/yanwei/.npm/0a0a19f4-artTemplate.lock
35 silly addNameRange { name: 'artTemplate', range: '', hasData: false }
36 verbose url raw artTemplate
37 verbose url resolving [ 'https://registry.npmjs.org/', './artTemplate' ]
38 verbose url resolved https://registry.npmjs.org/artTemplate
39 info trying registry request attempt 1 at 11:08:08
40 http GET https://registry.npmjs.org/artTemplate
41 http 404 https://registry.npmjs.org/artTemplate
42 silly registry.get cb [ 404,
42 silly registry.get   { server: 'CouchDB/1.3.1 (Erlang OTP/R15B03)',
42 silly registry.get     date: 'Sat, 12 Oct 2013 03:09:55 GMT',
42 silly registry.get     'content-type': 'application/json',
42 silly registry.get     'content-length': '52',
42 silly registry.get     'cache-control': 'must-revalidate' } ]
43 silly lockFile 0a0a19f4-artTemplate artTemplate@
44 silly lockFile 0a0a19f4-artTemplate artTemplate@
45 error 404 'artTemplate' is not in the npm registry.
45 error 404 You should bug the author to publish it
45 error 404
45 error 404 Note that you can also install from a
45 error 404 tarball, folder, or http url, or git url.
46 error System Linux 2.6.32-279.el6.x86_64
47 error command "/opt/app/nodejs/bin/node" "/usr/bin/npm" "install" "artTemplate" "--save"
48 error cwd /data/yanwei/github/icframework
49 error node -v v0.10.5
50 error npm -v 1.2.18
51 error code E404
52 verbose exit [ 1, true ]
